./run_lamp.sh: line 23:  1907 Violació de segment    (la imatge del nucli ha estat bolcada) lamp $(printf "configuration_%06i.txt" $2) > lamp.log 2> lamp.err
/usr/local/bin/generategraph.sh: line 8:  5736 Violació de segment    (la imatge del nucli ha estat bolcada) $prefix/bin/generategraph $ancfile
find: «Er26_JUG4/gen000005»: El fitxer o directori no existeix
del nucli ha estat bolcada) lamp $(printf "configuration_%06i.txt" $2) > lamp.log 2> lamp.err
/usr/local/bin/generategraph.sh: line 8:  9540 Violació de segment    (la imatge del nucli ha estat bolcada) $prefix/bin/generategraph $ancfile
./run_lamp.sh: line 23: 23785 Violació de segment    (la imatge del nucli ha estat bolcada) lamp $(printf "configuration_%06i.txt" $2) > lamp.log 2> lamp.err
/usr/local/bin/generategraph.sh: line 8: 26044 Violació de segment    (la imatge del nucli ha estat bolcada) $prefix/bin/generategraph $ancfile
find: «Er26_JUG4/gen000010»: El fitxer o directori no existeix
del nucli ha estat bolcada) lamp $(printf "configuration_%06i.txt" $2) > lamp.log 2> lamp.err
/usr/local/bin/generategraph.sh: line 8: 27270 Violació de segment    (la imatge del nucli ha estat bolcada) $prefix/bin/generategraph $ancfile
find: «Er26_JUG4/gen025000»: El fitxer o directori no existeix
del nucli ha estat bolcada) lamp $(printf "configuration_%06i.txt" $2) > lamp.log 2> lamp.err
/usr/local/bin/generategraph.sh: line 8: 31380 Violació de segment    (la imatge del nucli ha estat bolcada) $prefix/bin/generategraph $ancfile
find: «Er26_JUG4/gen002500»: El fitxer o directori no existeix

el nucli ha estat bolcada) lamp $(printf "configuration_%06i.txt" $2) > lamp.log 2> lamp.err
/usr/local/bin/generategraph.sh: line 8: 34254 Violació de segment    (la imatge del nucli ha estat bolcada) $prefix/bin/generategraph $ancfile
./run_lamp.sh: line 23: 34372 Violació de segment    (la imatge del nucli ha estat bolcada) lamp $(printf "configuration_%06i.txt" $2) > lamp.log 2> lamp.err
/usr/local/bin/generategraph.sh: line 8: 34661 Violació de segment    (la imatge del nucli ha estat bolcada) $prefix/bin/generategraph $ancfile
./run_lamp.sh: line 23: 35304 Violació de segment    (la imatge del nucli ha estat bolcada) lamp $(printf "configuration_%06i.txt" $2) > lamp.log 2> lamp.err
/usr/local/bin/generategraph.sh: line 8: 35602 Violació de segment    (la imatge del nucli ha estat bolcada) $prefix/bin/generategraph $ancfile
./run_lamp.sh: line 23: 35951 Violació de segment    (la imatge del nucli ha estat bolcada) lamp $(printf "configuration_%06i.txt" $2) > lamp.log 2> lamp.err
/usr/local/bin/generategraph.sh: line 8: 36207 Violació de segment    (la imatge del nucli ha estat bolcada) $prefix/bin/generategraph $ancfile
find: «Er26_JUG4/gen000100»: El fitxer o directori no existeix
del nucli ha estat bolcada) lamp $(printf "configuration_%06i.txt" $2) > lamp.log 2> lamp.err
/usr/local/bin/generategraph.sh: line 8: 36204 Violació de segment    (la imatge del nucli ha estat bolcada) $prefix/bin/generategraph $ancfile
find: «Er26_JUG4/gen000250»: El fitxer o directori no existeix
