Input: lname=all.beagle.gz nPop=5, fname=(null) qname=(null) outfiles=all
Setup: seed=1638983940 nThreads=40 method=1
Convergence: maxIter=2000 tol=0.000010 tolLike50=0.100000 dymBound=0
Filters: misTol=0.050000 minMaf=0.050000 minLrt=0.000000 minInd=0
Input file has dim: nsites=2044040 nind=73
Input file has dim (AFTER filtering): nsites=982630 nind=73
iter[start] like is=95840196.207901
iter[50] like is=-26422590.922216 thres=0.002263
iter[100] like is=-26420028.141473 thres=0.000662
iter[150] like is=-26419976.980849 thres=0.000010
iter[200] like is=-26419974.041202 thres=0.000014
iter[250] like is=-26419973.369104 thres=0.000001
iter[300] like is=-26419973.120553 thres=0.000014
iter[350] like is=-26419973.078565 thres=0.000002
Convergence achived because log likelihooditer difference for 50 iteraction is less than 0.100000
best like=-26419973.078565 after 350 iterations
	-> Dumpedfiles are: all.log
	-> Dumpedfiles are: all.qopt
	-> Dumpedfiles are: all.fopt.gz
	[ALL done] cpu-time used =  10488.19 sec
	[ALL done] walltime used =  614.00 sec
