Reading input files
Number of loci: 6978
Number of admixed populations: 1
Number of individuals: 10
Allowing for uncertainty in allele counts
Allocating memory
Initializing MCMC chain
Initialization complete
mcmc iteration: 0 ........ LnL: -71716.1
mcmc iteration: 1000 ........ LnL: -64656.3
mcmc iteration: 2000 ........ LnL: -64537.2
mcmc iteration: 3000 ........ LnL: -64980.4
mcmc iteration: 4000 ........ LnL: -64872.8
mcmc iteration: 5000 ........ LnL: -64699.7
mcmc iteration: 6000 ........ LnL: -64752.4
mcmc iteration: 7000 ........ LnL: -64778.7
mcmc iteration: 8000 ........ LnL: -64581.6
mcmc iteration: 9000 ........ LnL: -64529.7
mcmc iteration: 10000 ........ LnL: -64676.9
mcmc iteration: 11000 ........ LnL: -65116.8
mcmc iteration: 12000 ........ LnL: -64940.4
mcmc iteration: 13000 ........ LnL: -64731
mcmc iteration: 14000 ........ LnL: -64592.1
mcmc iteration: 15000 ........ LnL: -64737.7
mcmc iteration: 16000 ........ LnL: -64700.8
mcmc iteration: 17000 ........ LnL: -64738
mcmc iteration: 18000 ........ LnL: -64610.6
mcmc iteration: 19000 ........ LnL: -64864.6
mcmc iteration: 20000 ........ LnL: -64691.5
mcmc iteration: 21000 ........ LnL: -64453.8
mcmc iteration: 22000 ........ LnL: -64818.6
mcmc iteration: 23000 ........ LnL: -64779.1
mcmc iteration: 24000 ........ LnL: -64674.6
mcmc iteration: 25000 ........ LnL: -64726.1
mcmc iteration: 26000 ........ LnL: -64726.4
mcmc iteration: 27000 ........ LnL: -64759.7
mcmc iteration: 28000 ........ LnL: -64678.1
mcmc iteration: 29000 ........ LnL: -64867.8
mcmc iteration: 30000 ........ LnL: -64756.8
mcmc iteration: 31000 ........ LnL: -64806.8
mcmc iteration: 32000 ........ LnL: -64763.9
mcmc iteration: 33000 ........ LnL: -64654.4
mcmc iteration: 34000 ........ LnL: -64710.4
mcmc iteration: 35000 ........ LnL: -64648.9
mcmc iteration: 36000 ........ LnL: -64658.4
mcmc iteration: 37000 ........ LnL: -64861.6
mcmc iteration: 38000 ........ LnL: -64826.4
mcmc iteration: 39000 ........ LnL: -64706
mcmc iteration: 40000 ........ LnL: -64526.3
mcmc iteration: 41000 ........ LnL: -64867.1
mcmc iteration: 42000 ........ LnL: -64593.2
mcmc iteration: 43000 ........ LnL: -64663
mcmc iteration: 44000 ........ LnL: -64735.4
mcmc iteration: 45000 ........ LnL: -64698.2
mcmc iteration: 46000 ........ LnL: -64736.7
mcmc iteration: 47000 ........ LnL: -64648.9
mcmc iteration: 48000 ........ LnL: -64529.8
mcmc iteration: 49000 ........ LnL: -64892.9
mcmc iteration: 50000 ........ LnL: -64810.1
mcmc iteration: 51000 ........ LnL: -64832.1
mcmc iteration: 52000 ........ LnL: -64737.6
mcmc iteration: 53000 ........ LnL: -64885.1
mcmc iteration: 54000 ........ LnL: -64804.2
mcmc iteration: 55000 ........ LnL: -64791.2
mcmc iteration: 56000 ........ LnL: -64579.7
mcmc iteration: 57000 ........ LnL: -64688.8
mcmc iteration: 58000 ........ LnL: -64642.1
mcmc iteration: 59000 ........ LnL: -64682.5
mcmc iteration: 60000 ........ LnL: -64353.3
mcmc iteration: 61000 ........ LnL: -64621.6
mcmc iteration: 62000 ........ LnL: -64680.9
mcmc iteration: 63000 ........ LnL: -64633
mcmc iteration: 64000 ........ LnL: -64969
mcmc iteration: 65000 ........ LnL: -64458.7
mcmc iteration: 66000 ........ LnL: -64895.4
mcmc iteration: 67000 ........ LnL: -64702
mcmc iteration: 68000 ........ LnL: -64856.8
mcmc iteration: 69000 ........ LnL: -64511
mcmc iteration: 70000 ........ LnL: -64603.1
mcmc iteration: 71000 ........ LnL: -64825.1
mcmc iteration: 72000 ........ LnL: -64776.4
mcmc iteration: 73000 ........ LnL: -64691.3
mcmc iteration: 74000 ........ LnL: -64761.3
mcmc iteration: 75000 ........ LnL: -64833.9
mcmc iteration: 76000 ........ LnL: -64610.3
mcmc iteration: 77000 ........ LnL: -64575.7
mcmc iteration: 78000 ........ LnL: -64799.3
mcmc iteration: 79000 ........ LnL: -64668.6
mcmc iteration: 80000 ........ LnL: -64854.5
mcmc iteration: 81000 ........ LnL: -64641.9
mcmc iteration: 82000 ........ LnL: -64737.5
mcmc iteration: 83000 ........ LnL: -64521
mcmc iteration: 84000 ........ LnL: -64804.2
mcmc iteration: 85000 ........ LnL: -64609.4
mcmc iteration: 86000 ........ LnL: -64544.4
mcmc iteration: 87000 ........ LnL: -64639.8
mcmc iteration: 88000 ........ LnL: -64683.7
mcmc iteration: 89000 ........ LnL: -64862
mcmc iteration: 90000 ........ LnL: -64527
mcmc iteration: 91000 ........ LnL: -64629.2
mcmc iteration: 92000 ........ LnL: -64560.6
mcmc iteration: 93000 ........ LnL: -64776
mcmc iteration: 94000 ........ LnL: -64596
mcmc iteration: 95000 ........ LnL: -64477.7
mcmc iteration: 96000 ........ LnL: -64636.9
mcmc iteration: 97000 ........ LnL: -64665.3
mcmc iteration: 98000 ........ LnL: -64641.6
mcmc iteration: 99000 ........ LnL: -64758.8
mcmc iteration: 100000 ........ LnL: -64629.3
mcmc iteration: 101000 ........ LnL: -64692.4
mcmc iteration: 102000 ........ LnL: -64777.8
mcmc iteration: 103000 ........ LnL: -64669.9
mcmc iteration: 104000 ........ LnL: -64699.3
mcmc iteration: 105000 ........ LnL: -64699.3
mcmc iteration: 106000 ........ LnL: -64631.9
mcmc iteration: 107000 ........ LnL: -64901.1
mcmc iteration: 108000 ........ LnL: -64739.3
mcmc iteration: 109000 ........ LnL: -64644.5
mcmc iteration: 110000 ........ LnL: -64723.2
mcmc iteration: 111000 ........ LnL: -64583.4
mcmc iteration: 112000 ........ LnL: -64803
mcmc iteration: 113000 ........ LnL: -64843.1
mcmc iteration: 114000 ........ LnL: -64727
mcmc iteration: 115000 ........ LnL: -64409
mcmc iteration: 116000 ........ LnL: -64626.4
mcmc iteration: 117000 ........ LnL: -64849.9
mcmc iteration: 118000 ........ LnL: -64530.3
mcmc iteration: 119000 ........ LnL: -64673.8
mcmc iteration: 120000 ........ LnL: -64450.9
mcmc iteration: 121000 ........ LnL: -64810.9
mcmc iteration: 122000 ........ LnL: -64624
mcmc iteration: 123000 ........ LnL: -64597.4
mcmc iteration: 124000 ........ LnL: -64781.3
mcmc iteration: 125000 ........ LnL: -64536.7
mcmc iteration: 126000 ........ LnL: -64638
mcmc iteration: 127000 ........ LnL: -64962
mcmc iteration: 128000 ........ LnL: -64736.6
mcmc iteration: 129000 ........ LnL: -64675.7
mcmc iteration: 130000 ........ LnL: -64724.6
mcmc iteration: 131000 ........ LnL: -64616.9
mcmc iteration: 132000 ........ LnL: -64866.4
mcmc iteration: 133000 ........ LnL: -64694.2
mcmc iteration: 134000 ........ LnL: -64718.2
mcmc iteration: 135000 ........ LnL: -64666.1
mcmc iteration: 136000 ........ LnL: -64657.9
mcmc iteration: 137000 ........ LnL: -64903
mcmc iteration: 138000 ........ LnL: -64587
mcmc iteration: 139000 ........ LnL: -64668.4
mcmc iteration: 140000 ........ LnL: -64690.9
mcmc iteration: 141000 ........ LnL: -64727.7
mcmc iteration: 142000 ........ LnL: -64687.1
mcmc iteration: 143000 ........ LnL: -64671.1
mcmc iteration: 144000 ........ LnL: -64542.5
mcmc iteration: 145000 ........ LnL: -64624.6
mcmc iteration: 146000 ........ LnL: -64915.5
mcmc iteration: 147000 ........ LnL: -64588.1
mcmc iteration: 148000 ........ LnL: -64564.7
mcmc iteration: 149000 ........ LnL: -64808.2
mcmc iteration: 150000 ........ LnL: -64750.3
mcmc iteration: 151000 ........ LnL: -64819.6
mcmc iteration: 152000 ........ LnL: -64822.7
mcmc iteration: 153000 ........ LnL: -64657.9
mcmc iteration: 154000 ........ LnL: -64653
mcmc iteration: 155000 ........ LnL: -64879.5
mcmc iteration: 156000 ........ LnL: -64606.8
mcmc iteration: 157000 ........ LnL: -64743.5
mcmc iteration: 158000 ........ LnL: -64743.7
mcmc iteration: 159000 ........ LnL: -64664.2
mcmc iteration: 160000 ........ LnL: -64721.3
mcmc iteration: 161000 ........ LnL: -64754.3
mcmc iteration: 162000 ........ LnL: -64542.7
mcmc iteration: 163000 ........ LnL: -64752.2
mcmc iteration: 164000 ........ LnL: -64628.7
mcmc iteration: 165000 ........ LnL: -64471.7
mcmc iteration: 166000 ........ LnL: -64635.1
mcmc iteration: 167000 ........ LnL: -64697.8
mcmc iteration: 168000 ........ LnL: -64950.8
mcmc iteration: 169000 ........ LnL: -64411.9
mcmc iteration: 170000 ........ LnL: -65085.4
mcmc iteration: 171000 ........ LnL: -64492.8
mcmc iteration: 172000 ........ LnL: -64636.5
mcmc iteration: 173000 ........ LnL: -64637.5
mcmc iteration: 174000 ........ LnL: -64821.3
mcmc iteration: 175000 ........ LnL: -64644.3
mcmc iteration: 176000 ........ LnL: -64711.1