
VCFtools - 0.1.15
(C) Adam Auton and Anthony Marcketta 2009

Parameters as interpreted:
	--gzvcf bitriallelic40.vcf.gz
	--keep population1.txt
	--max-missing 1
	--hardy
	--out pop1

Using zlib version: 1.2.8
Keeping individuals in 'keep' list
After filtering, kept 24 out of 50 Individuals
Outputting HWE statistics (but only for biallelic loci)
	HWE: Only using biallelic SNPs.
After filtering, kept 1460 out of a possible 2093803 Sites
Run Time = 69.00 seconds

VCFtools - 0.1.15
(C) Adam Auton and Anthony Marcketta 2009

Parameters as interpreted:
	--gzvcf bitriallelic40.vcf.gz
	--keep population2.txt
	--max-missing 1
	--hardy
	--out pop2

Using zlib version: 1.2.8
Keeping individuals in 'keep' list
After filtering, kept 18 out of 50 Individuals
Outputting HWE statistics (but only for biallelic loci)
	HWE: Only using biallelic SNPs.
After filtering, kept 385 out of a possible 2093803 Sites
Run Time = 69.00 seconds
