
VCFtools - 0.1.15
(C) Adam Auton and Anthony Marcketta 2009

Parameters as interpreted:
	--vcf ../2019-02-27/merged.annotated.vcf
	--remove undesired.txt
	--recode-INFO-all
	--maf 0.01
	--max-alleles 2
	--maxDP 200
	--max-maf 0.95
	--min-alleles 2
	--minDP 4
	--thin 261
	--minQ 50
	--recode
	--remove-indels
	--stdout

Excluding individuals in 'exclude' list
After filtering, kept 40 out of 50 Individuals
Outputting VCF file...
After filtering, kept 1443568 out of a possible 21052826 Sites
Run Time = 589.00 seconds
