Reading input files
Number of loci: 2012
Number of admixed populations: 1
Number of individuals: 5
Allowing for uncertainty in allele counts
Allocating memory
Initializing MCMC chain
Initialization complete
mcmc iteration: 0 ........ LnL: -17906.8
mcmc iteration: 1000 ........ LnL: -13469.3
mcmc iteration: 2000 ........ LnL: -13518.3
mcmc iteration: 3000 ........ LnL: -13554.3
mcmc iteration: 4000 ........ LnL: -13481
mcmc iteration: 5000 ........ LnL: -13552.5
mcmc iteration: 6000 ........ LnL: -13504.9
mcmc iteration: 7000 ........ LnL: -13510.4
mcmc iteration: 8000 ........ LnL: -13574.5
mcmc iteration: 9000 ........ LnL: -13519.8
mcmc iteration: 10000 ........ LnL: -13603.2
mcmc iteration: 11000 ........ LnL: -13535.4
mcmc iteration: 12000 ........ LnL: -13543.6
mcmc iteration: 13000 ........ LnL: -13484.7
mcmc iteration: 14000 ........ LnL: -13496
mcmc iteration: 15000 ........ LnL: -13594.7
mcmc iteration: 16000 ........ LnL: -13581.4
mcmc iteration: 17000 ........ LnL: -13548.5
mcmc iteration: 18000 ........ LnL: -13479.7
mcmc iteration: 19000 ........ LnL: -13581.3
mcmc iteration: 20000 ........ LnL: -13543
mcmc iteration: 21000 ........ LnL: -13455.6
mcmc iteration: 22000 ........ LnL: -13499.4
mcmc iteration: 23000 ........ LnL: -13513.5
mcmc iteration: 24000 ........ LnL: -13594.9
mcmc iteration: 25000 ........ LnL: -13541.4
mcmc iteration: 26000 ........ LnL: -13464.7
mcmc iteration: 27000 ........ LnL: -13568.7
mcmc iteration: 28000 ........ LnL: -13451.9
mcmc iteration: 29000 ........ LnL: -13642.2
mcmc iteration: 30000 ........ LnL: -13558.5
mcmc iteration: 31000 ........ LnL: -13488.7
mcmc iteration: 32000 ........ LnL: -13514.4
mcmc iteration: 33000 ........ LnL: -13491.5
mcmc iteration: 34000 ........ LnL: -13531.4
mcmc iteration: 35000 ........ LnL: -13485.5
mcmc iteration: 36000 ........ LnL: -13564.7
mcmc iteration: 37000 ........ LnL: -13552.4
mcmc iteration: 38000 ........ LnL: -13584.1
mcmc iteration: 39000 ........ LnL: -13532.6
mcmc iteration: 40000 ........ LnL: -13563.8
mcmc iteration: 41000 ........ LnL: -13480.2
mcmc iteration: 42000 ........ LnL: -13559.8
mcmc iteration: 43000 ........ LnL: -13502.8
mcmc iteration: 44000 ........ LnL: -13502.7
mcmc iteration: 45000 ........ LnL: -13590.8
mcmc iteration: 46000 ........ LnL: -13530.6
mcmc iteration: 47000 ........ LnL: -13592.8
mcmc iteration: 48000 ........ LnL: -13478.7
mcmc iteration: 49000 ........ LnL: -13493.7
mcmc iteration: 50000 ........ LnL: -13535.2
mcmc iteration: 51000 ........ LnL: -13565.1
mcmc iteration: 52000 ........ LnL: -13543.7
mcmc iteration: 53000 ........ LnL: -13522.8
mcmc iteration: 54000 ........ LnL: -13510.3
mcmc iteration: 55000 ........ LnL: -13510.3
mcmc iteration: 56000 ........ LnL: -13564.6
mcmc iteration: 57000 ........ LnL: -13507.6
mcmc iteration: 58000 ........ LnL: -13495.9
mcmc iteration: 59000 ........ LnL: -13562.9
mcmc iteration: 60000 ........ LnL: -13516.7
mcmc iteration: 61000 ........ LnL: -13555.1
mcmc iteration: 62000 ........ LnL: -13598.9
mcmc iteration: 63000 ........ LnL: -13552
mcmc iteration: 64000 ........ LnL: -13560
mcmc iteration: 65000 ........ LnL: -13482.9
mcmc iteration: 66000 ........ LnL: -13531.4
mcmc iteration: 67000 ........ LnL: -13586.6
mcmc iteration: 68000 ........ LnL: -13572.7
mcmc iteration: 69000 ........ LnL: -13520.9
mcmc iteration: 70000 ........ LnL: -13478.2
mcmc iteration: 71000 ........ LnL: -13513.6
mcmc iteration: 72000 ........ LnL: -13553
mcmc iteration: 73000 ........ LnL: -13477.4
mcmc iteration: 74000 ........ LnL: -13531.8
mcmc iteration: 75000 ........ LnL: -13577.8
mcmc iteration: 76000 ........ LnL: -13589.5
mcmc iteration: 77000 ........ LnL: -13583.4
mcmc iteration: 78000 ........ LnL: -13442
mcmc iteration: 79000 ........ LnL: -13485.7
mcmc iteration: 80000 ........ LnL: -13588.8
mcmc iteration: 81000 ........ LnL: -13522.9
mcmc iteration: 82000 ........ LnL: -13521.4
mcmc iteration: 83000 ........ LnL: -13534.4
mcmc iteration: 84000 ........ LnL: -13589.9
mcmc iteration: 85000 ........ LnL: -13456.1
mcmc iteration: 86000 ........ LnL: -13629.2
mcmc iteration: 87000 ........ LnL: -13561.9
mcmc iteration: 88000 ........ LnL: -13546.7
mcmc iteration: 89000 ........ LnL: -13523.7
mcmc iteration: 90000 ........ LnL: -13489.2
mcmc iteration: 91000 ........ LnL: -13487.4
mcmc iteration: 92000 ........ LnL: -13677.4
mcmc iteration: 93000 ........ LnL: -13502.3
mcmc iteration: 94000 ........ LnL: -13559.6
mcmc iteration: 95000 ........ LnL: -13499.7
mcmc iteration: 96000 ........ LnL: -13525.3
mcmc iteration: 97000 ........ LnL: -13464.1
mcmc iteration: 98000 ........ LnL: -13635.9
mcmc iteration: 99000 ........ LnL: -13522.9
mcmc iteration: 100000 ........ LnL: -13630
mcmc iteration: 101000 ........ LnL: -13536
mcmc iteration: 102000 ........ LnL: -13582.8
mcmc iteration: 103000 ........ LnL: -13530.3
mcmc iteration: 104000 ........ LnL: -13520.4
mcmc iteration: 105000 ........ LnL: -13540.6
mcmc iteration: 106000 ........ LnL: -13465.6
mcmc iteration: 107000 ........ LnL: -13552.5
mcmc iteration: 108000 ........ LnL: -13579.3
mcmc iteration: 109000 ........ LnL: -13561.2
mcmc iteration: 110000 ........ LnL: -13514.1
mcmc iteration: 111000 ........ LnL: -13586.6
mcmc iteration: 112000 ........ LnL: -13522.5
mcmc iteration: 113000 ........ LnL: -13594.3
mcmc iteration: 114000 ........ LnL: -13545.2
mcmc iteration: 115000 ........ LnL: -13605.1
mcmc iteration: 116000 ........ LnL: -13486.6
mcmc iteration: 117000 ........ LnL: -13499.8
mcmc iteration: 118000 ........ LnL: -13524.4
mcmc iteration: 119000 ........ LnL: -13567.8
mcmc iteration: 120000 ........ LnL: -13506
mcmc iteration: 121000 ........ LnL: -13605.4
mcmc iteration: 122000 ........ LnL: -13508.8
mcmc iteration: 123000 ........ LnL: -13582.1
mcmc iteration: 124000 ........ LnL: -13593.8
mcmc iteration: 125000 ........ LnL: -13467.2
mcmc iteration: 126000 ........ LnL: -13574.2
mcmc iteration: 127000 ........ LnL: -13470.1
mcmc iteration: 128000 ........ LnL: -13606.8
mcmc iteration: 129000 ........ LnL: -13586.4
mcmc iteration: 130000 ........ LnL: -13559.1
mcmc iteration: 131000 ........ LnL: -13565.6
mcmc iteration: 132000 ........ LnL: -13579.7
mcmc iteration: 133000 ........ LnL: -13546.2
mcmc iteration: 134000 ........ LnL: -13590.7
mcmc iteration: 135000 ........ LnL: -13546.4
mcmc iteration: 136000 ........ LnL: -13554.4
mcmc iteration: 137000 ........ LnL: -13520
mcmc iteration: 138000 ........ LnL: -13573.2
mcmc iteration: 139000 ........ LnL: -13533.2
mcmc iteration: 140000 ........ LnL: -13531.6
mcmc iteration: 141000 ........ LnL: -13545.7
mcmc iteration: 142000 ........ LnL: -13556
mcmc iteration: 143000 ........ LnL: -13514.2
mcmc iteration: 144000 ........ LnL: -13455.5
mcmc iteration: 145000 ........ LnL: -13506
mcmc iteration: 146000 ........ LnL: -13521.7
mcmc iteration: 147000 ........ LnL: -13519.5
mcmc iteration: 148000 ........ LnL: -13489.6
mcmc iteration: 149000 ........ LnL: -13555.1
Finished mcmc
Runtime: 4 hr 58 min 54 sec
